#! /usr/bin/vvp
:ivl_version "0.9.7 " "(v0_9_7)";
:vpi_time_precision + 0;
:vpi_module "system";
:vpi_module "v2005_math";
:vpi_module "va_math";
S_0x1a199c0 .scope module, "SISO" "SISO" 2 3;
 .timescale 0 0;
v0x1a34280_0 .net "clk", 0 0, C4<z>; 0 drivers
v0x1a343b0_0 .net "out", 0 0, L_0x1a35e40; 1 drivers
v0x1a34430_0 .net "reset", 0 0, C4<z>; 0 drivers
v0x1a34540_0 .net "sin", 0 0, C4<z>; 0 drivers
v0x1a34620_0 .net "w1", 0 0, L_0x1a35280; 1 drivers
v0x1a346a0_0 .net "w2", 0 0, L_0x1a34320; 1 drivers
v0x1a34720_0 .net "w3", 0 0, L_0x1a35a80; 1 drivers
S_0x1a33cc0 .scope module, "l1" "dLatch" 2 8, 3 1, S_0x1a199c0;
 .timescale 0 0;
L_0x1a35060 .functor NOT 1, C4<z>, C4<0>, C4<0>, C4<0>;
L_0x1a35140 .functor NAND 1, C4<z>, C4<z>, C4<1>, C4<1>;
L_0x1a351a0 .functor NAND 1, L_0x1a35060, C4<z>, C4<1>, C4<1>;
L_0x1a35280 .functor NOR 1, L_0x1a35140, L_0x1a35360, C4<z>, C4<0>;
L_0x1a35360 .functor NOR 1, L_0x1a351a0, L_0x1a35280, C4<0>, C4<0>;
v0x1a33db0_0 .alias "clock", 0 0, v0x1a34280_0;
v0x1a33e50_0 .alias "data", 0 0, v0x1a34540_0;
v0x1a33ef0_0 .alias "out", 0 0, v0x1a34620_0;
v0x1a33f70_0 .net "out_bar", 0 0, L_0x1a35360; 1 drivers
v0x1a33ff0_0 .alias "reset", 0 0, v0x1a34430_0;
v0x1a34070_0 .net "w0", 0 0, L_0x1a35060; 1 drivers
v0x1a340f0_0 .net "w1", 0 0, L_0x1a35140; 1 drivers
v0x1a34190_0 .net "w2", 0 0, L_0x1a351a0; 1 drivers
S_0x1a33660 .scope module, "l2" "dLatch" 2 9, 3 1, S_0x1a199c0;
 .timescale 0 0;
L_0x1a354f0 .functor NOT 1, L_0x1a35280, C4<0>, C4<0>, C4<0>;
L_0x1a35550 .functor NAND 1, L_0x1a35280, C4<z>, C4<1>, C4<1>;
L_0x1a355b0 .functor NAND 1, L_0x1a354f0, C4<z>, C4<1>, C4<1>;
L_0x1a34320 .functor NOR 1, L_0x1a35550, L_0x1a357a0, C4<z>, C4<0>;
L_0x1a357a0 .functor NOR 1, L_0x1a355b0, L_0x1a34320, C4<0>, C4<0>;
v0x1a33750_0 .alias "clock", 0 0, v0x1a34280_0;
v0x1a33840_0 .alias "data", 0 0, v0x1a34620_0;
v0x1a338e0_0 .alias "out", 0 0, v0x1a346a0_0;
v0x1a33960_0 .net "out_bar", 0 0, L_0x1a357a0; 1 drivers
v0x1a339e0_0 .alias "reset", 0 0, v0x1a34430_0;
v0x1a33ab0_0 .net "w0", 0 0, L_0x1a354f0; 1 drivers
v0x1a33b30_0 .net "w1", 0 0, L_0x1a35550; 1 drivers
v0x1a33bd0_0 .net "w2", 0 0, L_0x1a355b0; 1 drivers
S_0x1a33050 .scope module, "l3" "dLatch" 2 10, 3 1, S_0x1a199c0;
 .timescale 0 0;
L_0x1a35930 .functor NOT 1, L_0x1a34320, C4<0>, C4<0>, C4<0>;
L_0x1a35990 .functor NAND 1, L_0x1a34320, C4<z>, C4<1>, C4<1>;
L_0x1a359f0 .functor NAND 1, L_0x1a35930, C4<z>, C4<1>, C4<1>;
L_0x1a35a80 .functor NOR 1, L_0x1a35990, L_0x1a35b60, C4<z>, C4<0>;
L_0x1a35b60 .functor NOR 1, L_0x1a359f0, L_0x1a35a80, C4<0>, C4<0>;
v0x1a33140_0 .alias "clock", 0 0, v0x1a34280_0;
v0x1a331e0_0 .alias "data", 0 0, v0x1a346a0_0;
v0x1a33260_0 .alias "out", 0 0, v0x1a34720_0;
v0x1a33310_0 .net "out_bar", 0 0, L_0x1a35b60; 1 drivers
v0x1a333c0_0 .alias "reset", 0 0, v0x1a34430_0;
v0x1a33470_0 .net "w0", 0 0, L_0x1a35930; 1 drivers
v0x1a334f0_0 .net "w1", 0 0, L_0x1a35990; 1 drivers
v0x1a33570_0 .net "w2", 0 0, L_0x1a359f0; 1 drivers
S_0x1a17f60 .scope module, "l4" "dLatch" 2 11, 3 1, S_0x1a199c0;
 .timescale 0 0;
L_0x1a35cf0 .functor NOT 1, L_0x1a35a80, C4<0>, C4<0>, C4<0>;
L_0x1a35d50 .functor NAND 1, L_0x1a35a80, C4<z>, C4<1>, C4<1>;
L_0x1a35db0 .functor NAND 1, L_0x1a35cf0, C4<z>, C4<1>, C4<1>;
L_0x1a35e40 .functor NOR 1, L_0x1a35d50, L_0x1a344b0, C4<z>, C4<0>;
L_0x1a344b0 .functor NOR 1, L_0x1a35db0, L_0x1a35e40, C4<0>, C4<0>;
v0x1a18050_0 .alias "clock", 0 0, v0x1a34280_0;
v0x1a32b50_0 .alias "data", 0 0, v0x1a34720_0;
v0x1a32bf0_0 .alias "out", 0 0, v0x1a343b0_0;
v0x1a32c90_0 .net "out_bar", 0 0, L_0x1a344b0; 1 drivers
v0x1a32d40_0 .alias "reset", 0 0, v0x1a34430_0;
v0x1a32de0_0 .net "w0", 0 0, L_0x1a35cf0; 1 drivers
v0x1a32ec0_0 .net "w1", 0 0, L_0x1a35d50; 1 drivers
v0x1a32f60_0 .net "w2", 0 0, L_0x1a35db0; 1 drivers
S_0x1a19ab0 .scope module, "test_bench" "test_bench" 4 3;
 .timescale 0 0;
v0x1a34e10_0 .var "clk", 0 0;
v0x1a34eb0_0 .var "dat", 0 0;
v0x1a34f30_0 .net "out", 0 0, L_0x1a36300; 1 drivers
v0x1a34fb0_0 .var "reset", 0 0;
S_0x1a347f0 .scope module, "inst" "dLatch" 4 7, 3 1, S_0x1a19ab0;
 .timescale 0 0;
L_0x1a360f0 .functor NOT 1, v0x1a34eb0_0, C4<0>, C4<0>, C4<0>;
L_0x1a361a0 .functor NAND 1, v0x1a34eb0_0, v0x1a34e10_0, C4<1>, C4<1>;
L_0x1a36250 .functor NAND 1, L_0x1a360f0, v0x1a34e10_0, C4<1>, C4<1>;
L_0x1a36300 .functor NOR 1, L_0x1a361a0, L_0x1a36450, v0x1a34fb0_0, C4<0>;
L_0x1a36450 .functor NOR 1, L_0x1a36250, L_0x1a36300, C4<0>, C4<0>;
v0x1a348e0_0 .net "clock", 0 0, v0x1a34e10_0; 1 drivers
v0x1a34960_0 .net "data", 0 0, v0x1a34eb0_0; 1 drivers
v0x1a349e0_0 .alias "out", 0 0, v0x1a34f30_0;
v0x1a34a80_0 .net "out_bar", 0 0, L_0x1a36450; 1 drivers
v0x1a34b00_0 .net "reset", 0 0, v0x1a34fb0_0; 1 drivers
v0x1a34ba0_0 .net "w0", 0 0, L_0x1a360f0; 1 drivers
v0x1a34c80_0 .net "w1", 0 0, L_0x1a361a0; 1 drivers
v0x1a34d20_0 .net "w2", 0 0, L_0x1a36250; 1 drivers
    .scope S_0x1a19ab0;
T_0 ;
    %set/v v0x1a34fb0_0, 1, 1;
    %set/v v0x1a34e10_0, 0, 1;
    %delay 4, 0;
    %set/v v0x1a34eb0_0, 1, 1;
    %set/v v0x1a34fb0_0, 0, 1;
    %delay 4, 0;
    %set/v v0x1a34eb0_0, 0, 1;
    %delay 4, 0;
    %set/v v0x1a34eb0_0, 1, 1;
    %delay 4, 0;
    %set/v v0x1a34eb0_0, 0, 1;
    %delay 4, 0;
    %set/v v0x1a34eb0_0, 1, 1;
    %delay 4, 0;
    %set/v v0x1a34eb0_0, 0, 1;
    %delay 4, 0;
    %set/v v0x1a34eb0_0, 1, 1;
    %delay 4, 0;
    %set/v v0x1a34eb0_0, 0, 1;
    %delay 20, 0;
    %vpi_call 4 32 "$finish";
    %end;
    .thread T_0;
    .scope S_0x1a19ab0;
T_1 ;
    %vpi_call 4 36 "$dumpfile", "siso.vcd";
    %vpi_call 4 37 "$dumpvars";
    %end;
    .thread T_1;
    .scope S_0x1a19ab0;
T_2 ;
    %delay 2, 0;
    %load/v 8, v0x1a34e10_0, 1;
    %inv 8, 1;
    %set/v v0x1a34e10_0, 8, 1;
    %jmp T_2;
    .thread T_2;
    .scope S_0x1a19ab0;
T_3 ;
    %vpi_call 4 43 "$monitor", $time, " d = %b q = %b", v0x1a34eb0_0, v0x1a34f30_0;
    %end;
    .thread T_3;
# The file index is used to find the file name in the following table.
:file_names 5;
    "N/A";
    "<interactive>";
    "./SISO.v";
    "./dLatch.v";
    "siso_tb.v";
